# JRE version: OpenJDK Runtime Environment Temurin-21.0.9+10 (21.0.9+10) (build 21.0.9+10-LTS)
# Java VM: OpenJDK 64-Bit Server VM Temurin-21.0.9+10 (21.0.9+10-LTS, mixed mode, emulated-client, sharing, tiered, compressed oops, compressed class ptrs, g1 gc, windows-amd64)
GC Precious Log:
 CardTable entry size: 512
 Card Set container configuration: InlinePtr #cards 5 size 8 Array Of Cards #cards 12 size 40 Howl #buckets 4 coarsen threshold 1843 Howl Bitmap #cards 512 size 80 coarsen threshold 460 Card regions per heap region 1 cards per card region 2048
 CPUs: 8 total, 8 available
 Memory: 6015M
 Large Page Support: Disabled
 NUMA Support: Disabled
 Compressed Oops: Enabled (32-bit)
 Heap Region Size: 1M
 Heap Min Capacity: 8M
 Heap Initial Capacity: 94M
 Heap Max Capacity: 1G
 Pre-touch: Disabled
 Parallel Workers: 8
 Concurrent Workers: 2
 Concurrent Refinement Workers: 8
 Periodic GC: Disabled
Heap:
 garbage-first heap   total 89088K, used 32779K [0x00000000c0000000, 0x0000000100000000)
  region size 1024K, 1 young (1024K), 0 survivors (0K)
 Metaspace       used 55623K, committed 56448K, reserved 1114112K
  class space    used 6997K, committed 7360K, reserved 1048576K
GC Heap History (20 events):
Event: 6669.870 GC heap after
{Heap after GC invocations=492 (full 436):
 garbage-first heap   total 89088K, used 39595K [0x00000000c0000000, 0x0000000100000000)
  region size 1024K, 0 young (0K), 0 survivors (0K)
 Metaspace       used 55623K, committed 56448K, reserved 1114112K
  class space    used 6997K, committed 7360K, reserved 1048576K
}
Event: 6681.288 GC heap before
{Heap before GC invocations=492 (full 436):
 garbage-first heap   total 89088K, used 39595K [0x00000000c0000000, 0x0000000100000000)
  region size 1024K, 1 young (1024K), 0 survivors (0K)
 Metaspace       used 55623K, committed 56448K, reserved 1114112K
  class space    used 6997K, committed 7360K, reserved 1048576K
}
Event: 6681.319 GC heap after
{Heap after GC invocations=493 (full 437):
 garbage-first heap   total 89088K, used 39595K [0x00000000c0000000, 0x0000000100000000)
  region size 1024K, 0 young (0K), 0 survivors (0K)
 Metaspace       used 55623K, committed 56448K, reserved 1114112K
  class space    used 6997K, committed 7360K, reserved 1048576K
}
Event: 6692.748 GC heap before
{Heap before GC invocations=493 (full 437):
 garbage-first heap   total 89088K, used 39595K [0x00000000c0000000, 0x0000000100000000)
  region size 1024K, 1 young (1024K), 0 survivors (0K)
 Metaspace       used 55623K, committed 56448K, reserved 1114112K
  class space    used 6997K, committed 7360K, reserved 1048576K
}
Event: 6692.785 GC heap after
{Heap after GC invocations=494 (full 438):
 garbage-first heap   total 89088K, used 39595K [0x00000000c0000000, 0x0000000100000000)
  region size 1024K, 0 young (0K), 0 survivors (0K)
 Metaspace       used 55623K, committed 56448K, reserved 1114112K
  class space    used 6997K, committed 7360K, reserved 1048576K
}
Event: 6704.247 GC heap before
{Heap before GC invocations=494 (full 438):
 garbage-first heap   total 89088K, used 39595K [0x00000000c0000000, 0x0000000100000000)
  region size 1024K, 1 young (1024K), 0 survivors (0K)
 Metaspace       used 55623K, committed 56448K, reserved 1114112K
  class space    used 6997K, committed 7360K, reserved 1048576K
}
Event: 6704.285 GC heap after
{Heap after GC invocations=495 (full 439):
 garbage-first heap   total 89088K, used 39595K [0x00000000c0000000, 0x0000000100000000)
  region size 1024K, 0 young (0K), 0 survivors (0K)
 Metaspace       used 55623K, committed 56448K, reserved 1114112K
  class space    used 6997K, committed 7360K, reserved 1048576K
}
Event: 6715.661 GC heap before
{Heap before GC invocations=495 (full 439):
 garbage-first heap   total 89088K, used 39595K [0x00000000c0000000, 0x0000000100000000)
  region size 1024K, 1 young (1024K), 0 survivors (0K)
 Metaspace       used 55623K, committed 56448K, reserved 1114112K
  class space    used 6997K, committed 7360K, reserved 1048576K
}
Event: 6715.705 GC heap after
{Heap after GC invocations=496 (full 440):
 garbage-first heap   total 89088K, used 39595K [0x00000000c0000000, 0x0000000100000000)
  region size 1024K, 0 young (0K), 0 survivors (0K)
 Metaspace       used 55623K, committed 56448K, reserved 1114112K
  class space    used 6997K, committed 7360K, reserved 1048576K
}
Event: 6767.384 GC heap before
{Heap before GC invocations=496 (full 440):
 garbage-first heap   total 89088K, used 39595K [0x00000000c0000000, 0x0000000100000000)
  region size 1024K, 1 young (1024K), 0 survivors (0K)
 Metaspace       used 55623K, committed 56448K, reserved 1114112K
  class space    used 6997K, committed 7360K, reserved 1048576K
}
Event: 6767.417 GC heap after
{Heap after GC invocations=497 (full 441):
 garbage-first heap   total 89088K, used 32780K [0x00000000c0000000, 0x0000000100000000)
  region size 1024K, 0 young (0K), 0 survivors (0K)
 Metaspace       used 55623K, committed 56448K, reserved 1114112K
  class space    used 6997K, committed 7360K, reserved 1048576K
}
Event: 6809.055 GC heap before
{Heap before GC invocations=497 (full 441):
 garbage-first heap   total 89088K, used 33804K [0x00000000c0000000, 0x0000000100000000)
  region size 1024K, 2 young (2048K), 0 survivors (0K)
 Metaspace       used 55623K, committed 56448K, reserved 1114112K
  class space    used 6997K, committed 7360K, reserved 1048576K
}
Event: 6809.083 GC heap after
{Heap after GC invocations=498 (full 442):
 garbage-first heap   total 89088K, used 32781K [0x00000000c0000000, 0x0000000100000000)
  region size 1024K, 0 young (0K), 0 survivors (0K)
 Metaspace       used 55623K, committed 56448K, reserved 1114112K
  class space    used 6997K, committed 7360K, reserved 1048576K
}
Event: 6820.821 GC heap before
{Heap before GC invocations=498 (full 442):
 garbage-first heap   total 89088K, used 32781K [0x00000000c0000000, 0x0000000100000000)
  region size 1024K, 1 young (1024K), 0 survivors (0K)
 Metaspace       used 55623K, committed 56448K, reserved 1114112K
  class space    used 6997K, committed 7360K, reserved 1048576K
}
Event: 6820.854 GC heap after
{Heap after GC invocations=499 (full 443):
 garbage-first heap   total 89088K, used 32781K [0x00000000c0000000, 0x0000000100000000)
  region size 1024K, 0 young (0K), 0 survivors (0K)
 Metaspace       used 55623K, committed 56448K, reserved 1114112K
  class space    used 6997K, committed 7360K, reserved 1048576K
}
Event: 6832.969 GC heap before
{Heap before GC invocations=499 (full 443):
 garbage-first heap   total 89088K, used 32781K [0x00000000c0000000, 0x0000000100000000)
  region size 1024K, 1 young (1024K), 0 survivors (0K)
 Metaspace       used 55623K, committed 56448K, reserved 1114112K
  class space    used 6997K, committed 7360K, reserved 1048576K
}
Event: 6833.017 GC heap after
{Heap after GC invocations=500 (full 444):
 garbage-first heap   total 89088K, used 32781K [0x00000000c0000000, 0x0000000100000000)
  region size 1024K, 0 young (0K), 0 survivors (0K)
 Metaspace       used 55623K, committed 56448K, reserved 1114112K
  class space    used 6997K, committed 7360K, reserved 1048576K
}
Event: 6844.784 GC heap before
{Heap before GC invocations=500 (full 444):
 garbage-first heap   total 89088K, used 32781K [0x00000000c0000000, 0x0000000100000000)
  region size 1024K, 1 young (1024K), 0 survivors (0K)
 Metaspace       used 55623K, committed 56448K, reserved 1114112K
  class space    used 6997K, committed 7360K, reserved 1048576K
}
Event: 6844.819 GC heap after
{Heap after GC invocations=501 (full 445):
 garbage-first heap   total 89088K, used 32779K [0x00000000c0000000, 0x0000000100000000)
  region size 1024K, 0 young (0K), 0 survivors (0K)
 Metaspace       used 55623K, committed 56448K, reserved 1114112K
  class space    used 6997K, committed 7360K, reserved 1048576K
}
Event: 6858.046 GC heap before
{Heap before GC invocations=501 (full 445):
 garbage-first heap   total 89088K, used 32779K [0x00000000c0000000, 0x0000000100000000)
  region size 1024K, 1 young (1024K), 0 survivors (0K)
 Metaspace       used 55623K, committed 56448K, reserved 1114112K
  class space    used 6997K, committed 7360K, reserved 1048576K
}

